\BOOKMARK [1][-]{section.1}{Introduction}{}% 1
\BOOKMARK [1][-]{section.2}{Previous results in aggregation}{}% 2
\BOOKMARK [2][-]{subsection.2.1}{The representative agent problem}{section.2}% 3
\BOOKMARK [2][-]{subsection.2.2}{Hicksian aggregation problem}{section.2}% 4
\BOOKMARK [1][-]{section.3}{Aggregation across consumers}{}% 5
\BOOKMARK [2][-]{subsection.3.1}{Description of the economy}{section.3}% 6
\BOOKMARK [2][-]{subsection.3.2}{The researcher's problem}{section.3}% 7
\BOOKMARK [2][-]{subsection.3.3}{The estimation error}{section.3}% 8
\BOOKMARK [2][-]{subsection.3.4}{An example}{section.3}% 9
\BOOKMARK [1][-]{section.4}{Consumer aggregation in dynamic models}{}% 10
\BOOKMARK [2][-]{subsection.4.1}{The model}{section.4}% 11
\BOOKMARK [2][-]{subsection.4.2}{The problem of estimating the MPC}{section.4}% 12
\BOOKMARK [2][-]{subsection.4.3}{Numerical example}{section.4}% 13
\BOOKMARK [1][-]{section.5}{Consumer aggregation and category goods}{}% 14
\BOOKMARK [2][-]{subsection.5.1}{Description}{section.5}% 15
\BOOKMARK [2][-]{subsection.5.2}{The prediction problem}{section.5}% 16
\BOOKMARK [2][-]{subsection.5.3}{A complex estimation error}{section.5}% 17
\BOOKMARK [2][-]{subsection.5.4}{Numerical example}{section.5}% 18
\BOOKMARK [1][-]{section.6}{Concluding remarks}{}% 19
\BOOKMARK [1][-]{section.7}{Acknowledgements}{}% 20
